The system is: CYGWIN - 3.1.7(0.340/5/3) - x86_64
Compiling the C compiler identification source file "CMakeCCompilerId.c" succeeded.
Compiler: /usr/bin/cc 
Build flags: 
Id flags:  

The output was:
0


Compilation of the C compiler identification source "CMakeCCompilerId.c" produced "a.exe"

The C compiler identification is GNU, found in "/cygdrive/c/Users/Andrew/Documents/Hannah/EE 312/Spring 2021/Project8_stack/cmake-build-debug/CMakeFiles/3.17.5/CompilerIdC/a.exe"

Compiling the CXX compiler identification source file "CMakeCXXCompilerId.cpp" succeeded.
Compiler: /usr/bin/c++.exe 
Build flags: 
Id flags:  

The output was:
0


Compilation of the CXX compiler identification source "CMakeCXXCompilerId.cpp" produced "a.exe"

The CXX compiler identification is GNU, found in "/cygdrive/c/Users/Andrew/Documents/Hannah/EE 312/Spring 2021/Project8_stack/cmake-build-debug/CMakeFiles/3.17.5/CompilerIdCXX/a.exe"

Determining if the C compiler works passed with the following output:
Change Dir: /cygdrive/c/Users/Andrew/Documents/Hannah/EE 312/Spring 2021/Project8_stack/cmake-build-debug/CMakeFiles/CMakeTmp

Run Build Command(s):/cygdrive/c/Strawberry/c/bin/gmake.exe cmTC_6ddf9/fast && C:/Strawberry/c/bin/gmake  -f CMakeFiles/cmTC_6ddf9.dir/build.make CMakeFiles/cmTC_6ddf9.dir/build
gmake[1]: Entering directory 'C:/Users/Andrew/Documents/Hannah/EE 312/Spring 2021/Project8_stack/cmake-build-debug/CMakeFiles/CMakeTmp'
Building C object CMakeFiles/cmTC_6ddf9.dir/testCCompiler.c.o
/usr/bin/cc    -o CMakeFiles/cmTC_6ddf9.dir/testCCompiler.c.o   -c "/cygdrive/c/Users/Andrew/Documents/Hannah/EE 312/Spring 2021/Project8_stack/cmake-build-debug/CMakeFiles/CMakeTmp/testCCompiler.c"
Linking C executable cmTC_6ddf9.exe
/cygdrive/c/Users/Andrew/AppData/Local/JetBrains/CLion2020.3/cygwin_cmake/bin/cmake.exe -E cmake_link_script CMakeFiles/cmTC_6ddf9.dir/link.txt --verbose=1
/usr/bin/cc    -Wl,--enable-auto-import  CMakeFiles/cmTC_6ddf9.dir/testCCompiler.c.o  -o cmTC_6ddf9.exe -Wl,--out-implib,libcmTC_6ddf9.dll.a -Wl,--major-image-version,0,--minor-image-version,0 
gmake[1]: Leaving directory 'C:/Users/Andrew/Documents/Hannah/EE 312/Spring 2021/Project8_stack/cmake-build-debug/CMakeFiles/CMakeTmp'



Determining if the CXX compiler works passed with the following output:
Change Dir: /cygdrive/c/Users/Andrew/Documents/Hannah/EE 312/Spring 2021/Project8_stack/cmake-build-debug/CMakeFiles/CMakeTmp

Run Build Command(s):/cygdrive/c/Strawberry/c/bin/gmake.exe cmTC_b605e/fast && C:/Strawberry/c/bin/gmake  -f CMakeFiles/cmTC_b605e.dir/build.make CMakeFiles/cmTC_b605e.dir/build
gmake[1]: Entering directory 'C:/Users/Andrew/Documents/Hannah/EE 312/Spring 2021/Project8_stack/cmake-build-debug/CMakeFiles/CMakeTmp'
Building CXX object CMakeFiles/cmTC_b605e.dir/testCXXCompiler.cxx.o
/usr/bin/c++.exe     -o CMakeFiles/cmTC_b605e.dir/testCXXCompiler.cxx.o -c "/cygdrive/c/Users/Andrew/Documents/Hannah/EE 312/Spring 2021/Project8_stack/cmake-build-debug/CMakeFiles/CMakeTmp/testCXXCompiler.cxx"
Linking CXX executable cmTC_b605e.exe
/cygdrive/c/Users/Andrew/AppData/Local/JetBrains/CLion2020.3/cygwin_cmake/bin/cmake.exe -E cmake_link_script CMakeFiles/cmTC_b605e.dir/link.txt --verbose=1
/usr/bin/c++.exe    -Wl,--enable-auto-import  CMakeFiles/cmTC_b605e.dir/testCXXCompiler.cxx.o  -o cmTC_b605e.exe -Wl,--out-implib,libcmTC_b605e.dll.a -Wl,--major-image-version,0,--minor-image-version,0 
gmake[1]: Leaving directory 'C:/Users/Andrew/Documents/Hannah/EE 312/Spring 2021/Project8_stack/cmake-build-debug/CMakeFiles/CMakeTmp'



